<?xml version="1.0" encoding="UTF-8"?>
<!-- Generated by org.testng.reporters.JUnitXMLReporter -->
<testsuite ignored="0" hostname="Device22" failures="0" tests="2" name="Default test" time="3.81" errors="0" timestamp="2026-09-10T16:25:17 IST">
  <testcase classname="com.assessment.banking.tests.AdditionalScenariosTest" name="accountCreationForUnknownCustomerIsRejected" time="2.344"/>
  <testcase classname="com.assessment.banking.tests.AdditionalScenariosTest" name="malformedCustomerJsonIsRejectedWithoutPartialCreation" time="0.843"/>
</testsuite> <!-- Default test -->
