<?xml version="1.0" encoding="UTF-8"?>
<!-- Generated by org.testng.reporters.JUnitReportReporter -->
<testsuite hostname="Device22" failures="0" tests="2" name="com.assessment.banking.tests.AdditionalScenariosTest" time="3.756" errors="0" timestamp="2026-09-10T16:25:17 IST" skipped="0">
  <testcase classname="com.assessment.banking.tests.AdditionalScenariosTest" name="malformedCustomerJsonIsRejectedWithoutPartialCreation" time="0.845">
    <system-out>
      <![CDATA[
========== START: malformedCustomerJsonIsRejectedWithoutPartialCreation ==========
[REQUEST] Malformed customer payload: {"customerNumber":214293,"firstName":"AUTO","lastName":}
[API] POST /customers/add [malformed] -> HTTP 400 | Body: {"type":"about:blank","title":"Bad Request","status":400,"detail":"Failed to read request","instance":"/bank-api/customers/add"}
[API] GET /customers/214293 -> HTTP 200 | Body: <empty>
========== PASS: malformedCustomerJsonIsRejectedWithoutPartialCreation ==========
]]>
    </system-out>
  </testcase> <!-- malformedCustomerJsonIsRejectedWithoutPartialCreation -->
  <testcase classname="com.assessment.banking.tests.AdditionalScenariosTest" name="accountCreationForUnknownCustomerIsRejected" time="2.911">
    <system-out>
      <![CDATA[
========== START: accountCreationForUnknownCustomerIsRejected ==========
[REQUEST] Create account payload: {accountNumber=505286231701, accout_type=CURRENT, account_name=AUTO_UNKNOWN_CUSTOMER, description=Automation test account, balance=100.00, interestRate=1.00}
[API] POST /accounts/add/1978174184 -> HTTP 400 | Body: {"message":"Customer with id: 1978174184 does not exist!"}
[API] GET /accounts/505286231701 -> HTTP 404 | Body: Account Number 505286231701 not found.
========== PASS: accountCreationForUnknownCustomerIsRejected ==========
]]>
    </system-out>
  </testcase> <!-- accountCreationForUnknownCustomerIsRejected -->
  <system-out>
    <![CDATA[
========== START: accountCreationForUnknownCustomerIsRejected ==========
[REQUEST] Create account payload: {accountNumber=505286231701, accout_type=CURRENT, account_name=AUTO_UNKNOWN_CUSTOMER, description=Automation test account, balance=100.00, interestRate=1.00}
[API] POST /accounts/add/1978174184 -> HTTP 400 | Body: {"message":"Customer with id: 1978174184 does not exist!"}
[API] GET /accounts/505286231701 -> HTTP 404 | Body: Account Number 505286231701 not found.
========== PASS: accountCreationForUnknownCustomerIsRejected ==========


========== START: malformedCustomerJsonIsRejectedWithoutPartialCreation ==========
[REQUEST] Malformed customer payload: {"customerNumber":214293,"firstName":"AUTO","lastName":}
[API] POST /customers/add [malformed] -> HTTP 400 | Body: {"type":"about:blank","title":"Bad Request","status":400,"detail":"Failed to read request","instance":"/bank-api/customers/add"}
[API] GET /customers/214293 -> HTTP 200 | Body: <empty>
========== PASS: malformedCustomerJsonIsRejectedWithoutPartialCreation ==========
]]>
  </system-out>
</testsuite> <!-- com.assessment.banking.tests.AdditionalScenariosTest -->
