<?xml version="1.0" encoding="UTF-8"?>
<!-- Generated by org.testng.reporters.JUnitReportReporter -->
<testsuite hostname="Device22" failures="1" tests="1" name="com.assessment.banking.tests.CustomerLifecycleTest" time="2.421" errors="0" timestamp="2026-09-10T16:18:47 IST" skipped="0">
  <testcase classname="com.assessment.banking.tests.CustomerLifecycleTest" name="customerLifecyclePersistsUpdateAndCascadesDelete" time="2.421">
    <failure message="Create customer returned an unexpected HTTP status.
Status line: HTTP/1.1 500 Internal Server Error
Response body: {&quot;timestamp&quot;:&quot;2026-09-10T10:48:46.993+00:00&quot;,&quot;status&quot;:500,&quot;error&quot;:&quot;Internal Server Error&quot;,&quot;path&quot;:&quot;/bank-api/customers/add&quot;}
 expected [200] but found [500]" type="java.lang.AssertionError">
      <![CDATA[java.lang.AssertionError: Create customer returned an unexpected HTTP status.
Status line: HTTP/1.1 500 Internal Server Error
Response body: {"timestamp":"2026-09-10T10:48:46.993+00:00","status":500,"error":"Internal Server Error","path":"/bank-api/customers/add"}
 expected [200] but found [500]
at org.testng.Assert.fail(Assert.java:111)
at org.testng.Assert.failNotEquals(Assert.java:1578)
at org.testng.Assert.assertEqualsImpl(Assert.java:150)
at org.testng.Assert.assertEquals(Assert.java:132)
at org.testng.Assert.assertEquals(Assert.java:1419)
at org.testng.Assert.assertEquals(Assert.java:1383)
at com.assessment.banking.assertion.ApiAssertions.status(ApiAssertions.java:23)
at com.assessment.banking.tests.CustomerLifecycleTest.customerLifecyclePersistsUpdateAndCascadesDelete(CustomerLifecycleTest.java:38)
at java.base/jdk.internal.reflect.DirectMethodHandleAccessor.invoke(DirectMethodHandleAccessor.java:103)
at java.base/java.lang.reflect.Method.invoke(Method.java:580)
at org.testng.internal.invokers.MethodInvocationHelper.invokeMethod(MethodInvocationHelper.java:141)
at org.testng.internal.invokers.TestInvoker.invokeMethod(TestInvoker.java:686)
at org.testng.internal.invokers.TestInvoker.invokeTestMethod(TestInvoker.java:230)
at org.testng.internal.invokers.MethodRunner.runInSequence(MethodRunner.java:63)
at org.testng.internal.invokers.TestInvoker$MethodInvocationAgent.invoke(TestInvoker.java:992)
at org.testng.internal.invokers.TestInvoker.invokeTestMethods(TestInvoker.java:203)
at org.testng.internal.invokers.TestMethodWorker.invokeTestMethods(TestMethodWorker.java:154)
at org.testng.internal.invokers.TestMethodWorker.run(TestMethodWorker.java:134)
at java.base/java.util.ArrayList.forEach(ArrayList.java:1596)
at org.testng.TestRunner.privateRun(TestRunner.java:739)
at org.testng.TestRunner.run(TestRunner.java:614)
at org.testng.SuiteRunner.runTest(SuiteRunner.java:421)
at org.testng.SuiteRunner.runSequentially(SuiteRunner.java:413)
at org.testng.SuiteRunner.privateRun(SuiteRunner.java:373)
at org.testng.SuiteRunner.run(SuiteRunner.java:312)
at org.testng.SuiteRunnerWorker.runSuite(SuiteRunnerWorker.java:52)
at org.testng.SuiteRunnerWorker.run(SuiteRunnerWorker.java:95)
at org.testng.TestNG.runSuitesSequentially(TestNG.java:1274)
at org.testng.TestNG.runSuitesLocally(TestNG.java:1208)
at org.testng.TestNG.runSuites(TestNG.java:1112)
at org.testng.TestNG.run(TestNG.java:1079)
at org.testng.remote.AbstractRemoteTestNG.run(AbstractRemoteTestNG.java:115)
at org.testng.remote.RemoteTestNG.initAndRun(RemoteTestNG.java:293)
at org.testng.remote.RemoteTestNG.main(RemoteTestNG.java:91)
]]>
    </failure>
    <system-out>
      <![CDATA[
========== START: customerLifecyclePersistsUpdateAndCascadesDelete ==========
[REQUEST] Create customer payload: {customerNumber=525628, firstName=AutoTest, lastName=User, address=101 Test Street, city=Chennai, state=TN, mobileNum=1680914094, status=ACTIVE}
[API] POST /customers/add -> HTTP 500 | Body: {"timestamp":"2026-09-10T10:48:46.993+00:00","status":500,"error":"Internal Server Error","path":"/bank-api/customers/add"}
========== FAIL: customerLifecyclePersistsUpdateAndCascadesDelete ==========
java.lang.AssertionError: Create customer returned an unexpected HTTP status.
Status line: HTTP/1.1 500 Internal Server Error
Response body: {"timestamp":"2026-09-10T10:48:46.993+00:00","status":500,"error":"Internal Server Error","path":"/bank-api/customers/add"}
 expected [200] but found [500]
]]>
    </system-out>
  </testcase> <!-- customerLifecyclePersistsUpdateAndCascadesDelete -->
  <system-out>
    <![CDATA[
========== START: customerLifecyclePersistsUpdateAndCascadesDelete ==========
[REQUEST] Create customer payload: {customerNumber=525628, firstName=AutoTest, lastName=User, address=101 Test Street, city=Chennai, state=TN, mobileNum=1680914094, status=ACTIVE}
[API] POST /customers/add -> HTTP 500 | Body: {"timestamp":"2026-09-10T10:48:46.993+00:00","status":500,"error":"Internal Server Error","path":"/bank-api/customers/add"}
========== FAIL: customerLifecyclePersistsUpdateAndCascadesDelete ==========
java.lang.AssertionError: Create customer returned an unexpected HTTP status.
Status line: HTTP/1.1 500 Internal Server Error
Response body: {"timestamp":"2026-09-10T10:48:46.993+00:00","status":500,"error":"Internal Server Error","path":"/bank-api/customers/add"}
 expected [200] but found [500]
]]>
  </system-out>
</testsuite> <!-- com.assessment.banking.tests.CustomerLifecycleTest -->
