<?xml version="1.0" encoding="UTF-8"?>
<!-- Generated by org.testng.reporters.JUnitReportReporter -->
<testsuite hostname="Device22" failures="0" tests="3" name="com.assessment.banking.tests.RejectedTransferTest" time="2.875" errors="0" timestamp="2026-09-10T16:20:21 IST" skipped="3">
  <testcase classname="com.assessment.banking.tests.RejectedTransferTest" name="insufficientFundsTransferIsRejectedWithoutSideEffects" time="1.775">
    <skipped/>
    <system-out>
      <![CDATA[
========== START: insufficientFundsTransferIsRejectedWithoutSideEffects ==========
[REQUEST] Create customer payload: {customerNumber=618579, firstName=AutoTest, lastName=User, address=101 Test Street, city=Chennai, state=TN, mobileNum=1673308492, status=ACTIVE}
[API] POST /customers/add -> HTTP 500 | Body: {"timestamp":"2026-09-10T10:50:19.890+00:00","status":500,"error":"Internal Server Error","path":"/bank-api/customers/add"}
========== BLOCKED/SKIPPED: insufficientFundsTransferIsRejectedWithoutSideEffects ==========
BLOCKED: customer setup endpoint returned HTTP 500. Transfer scenario cannot be executed without synthetic customer/account setup. Response: {"timestamp":"2026-09-10T10:50:19.890+00:00","status":500,"error":"Internal Server Error","path":"/bank-api/customers/add"}
]]>
    </system-out>
  </testcase> <!-- insufficientFundsTransferIsRejectedWithoutSideEffects -->
  <testcase classname="com.assessment.banking.tests.RejectedTransferTest" name="nonPositiveTransferIsRejectedWithoutSideEffects" time="0.265">
    <skipped/>
    <system-out>
      <![CDATA[
========== START: nonPositiveTransferIsRejectedWithoutSideEffects ==========
[REQUEST] Create customer payload: {customerNumber=618581, firstName=AutoTest, lastName=User, address=101 Test Street, city=Chennai, state=TN, mobileNum=1713147507, status=ACTIVE}
[API] POST /customers/add -> HTTP 500 | Body: {"timestamp":"2026-09-10T10:50:20.500+00:00","status":500,"error":"Internal Server Error","path":"/bank-api/customers/add"}
========== BLOCKED/SKIPPED: nonPositiveTransferIsRejectedWithoutSideEffects ==========
BLOCKED: customer setup endpoint returned HTTP 500. Transfer scenario cannot be executed without synthetic customer/account setup. Response: {"timestamp":"2026-09-10T10:50:20.500+00:00","status":500,"error":"Internal Server Error","path":"/bank-api/customers/add"}
]]>
    </system-out>
  </testcase> <!-- nonPositiveTransferIsRejectedWithoutSideEffects -->
  <testcase classname="com.assessment.banking.tests.RejectedTransferTest" name="nonPositiveTransferIsRejectedWithoutSideEffects" time="0.835">
    <skipped/>
    <system-out>
      <![CDATA[
========== START: nonPositiveTransferIsRejectedWithoutSideEffects ==========
[REQUEST] Create customer payload: {customerNumber=618580, firstName=AutoTest, lastName=User, address=101 Test Street, city=Chennai, state=TN, mobileNum=1322086246, status=ACTIVE}
[API] POST /customers/add -> HTTP 500 | Body: {"timestamp":"2026-09-10T10:50:20.226+00:00","status":500,"error":"Internal Server Error","path":"/bank-api/customers/add"}
========== BLOCKED/SKIPPED: nonPositiveTransferIsRejectedWithoutSideEffects ==========
BLOCKED: customer setup endpoint returned HTTP 500. Transfer scenario cannot be executed without synthetic customer/account setup. Response: {"timestamp":"2026-09-10T10:50:20.226+00:00","status":500,"error":"Internal Server Error","path":"/bank-api/customers/add"}
]]>
    </system-out>
  </testcase> <!-- nonPositiveTransferIsRejectedWithoutSideEffects -->
  <system-out>
    <![CDATA[
========== START: insufficientFundsTransferIsRejectedWithoutSideEffects ==========
[REQUEST] Create customer payload: {customerNumber=618579, firstName=AutoTest, lastName=User, address=101 Test Street, city=Chennai, state=TN, mobileNum=1673308492, status=ACTIVE}
[API] POST /customers/add -> HTTP 500 | Body: {"timestamp":"2026-09-10T10:50:19.890+00:00","status":500,"error":"Internal Server Error","path":"/bank-api/customers/add"}
========== BLOCKED/SKIPPED: insufficientFundsTransferIsRejectedWithoutSideEffects ==========
BLOCKED: customer setup endpoint returned HTTP 500. Transfer scenario cannot be executed without synthetic customer/account setup. Response: {"timestamp":"2026-09-10T10:50:19.890+00:00","status":500,"error":"Internal Server Error","path":"/bank-api/customers/add"}


========== START: nonPositiveTransferIsRejectedWithoutSideEffects ==========
[REQUEST] Create customer payload: {customerNumber=618580, firstName=AutoTest, lastName=User, address=101 Test Street, city=Chennai, state=TN, mobileNum=1322086246, status=ACTIVE}
[API] POST /customers/add -> HTTP 500 | Body: {"timestamp":"2026-09-10T10:50:20.226+00:00","status":500,"error":"Internal Server Error","path":"/bank-api/customers/add"}
========== BLOCKED/SKIPPED: nonPositiveTransferIsRejectedWithoutSideEffects ==========
BLOCKED: customer setup endpoint returned HTTP 500. Transfer scenario cannot be executed without synthetic customer/account setup. Response: {"timestamp":"2026-09-10T10:50:20.226+00:00","status":500,"error":"Internal Server Error","path":"/bank-api/customers/add"}


========== START: nonPositiveTransferIsRejectedWithoutSideEffects ==========
[REQUEST] Create customer payload: {customerNumber=618581, firstName=AutoTest, lastName=User, address=101 Test Street, city=Chennai, state=TN, mobileNum=1713147507, status=ACTIVE}
[API] POST /customers/add -> HTTP 500 | Body: {"timestamp":"2026-09-10T10:50:20.500+00:00","status":500,"error":"Internal Server Error","path":"/bank-api/customers/add"}
========== BLOCKED/SKIPPED: nonPositiveTransferIsRejectedWithoutSideEffects ==========
BLOCKED: customer setup endpoint returned HTTP 500. Transfer scenario cannot be executed without synthetic customer/account setup. Response: {"timestamp":"2026-09-10T10:50:20.500+00:00","status":500,"error":"Internal Server Error","path":"/bank-api/customers/add"}
]]>
  </system-out>
</testsuite> <!-- com.assessment.banking.tests.RejectedTransferTest -->
