<?xml version="1.0" encoding="UTF-8"?>
<!-- Generated by org.testng.reporters.JUnitReportReporter -->
<testsuite hostname="Device22" failures="0" tests="1" name="com.assessment.banking.tests.SuccessfulTransferTest" time="2.356" errors="0" timestamp="2026-09-10T16:23:07 IST" skipped="1">
  <testcase classname="com.assessment.banking.tests.SuccessfulTransferTest" name="successfulTransferMovesExactAmountAndCreatesHistory" time="2.356">
    <skipped/>
    <system-out>
      <![CDATA[
========== START: successfulTransferMovesExactAmountAndCreatesHistory ==========
[REQUEST] Create customer payload: {customerNumber=785965, firstName=AutoTest, lastName=User, address=101 Test Street, city=Chennai, state=TN, mobileNum=1695070473, status=ACTIVE}
[API] POST /customers/add -> HTTP 500 | Body: {"timestamp":"2026-09-10T10:53:07.283+00:00","status":500,"error":"Internal Server Error","path":"/bank-api/customers/add"}
========== BLOCKED/SKIPPED: successfulTransferMovesExactAmountAndCreatesHistory ==========
BLOCKED: customer setup endpoint returned HTTP 500. Transfer scenario cannot be executed without synthetic customer/account setup. Response: {"timestamp":"2026-09-10T10:53:07.283+00:00","status":500,"error":"Internal Server Error","path":"/bank-api/customers/add"}
]]>
    </system-out>
  </testcase> <!-- successfulTransferMovesExactAmountAndCreatesHistory -->
  <system-out>
    <![CDATA[
========== START: successfulTransferMovesExactAmountAndCreatesHistory ==========
[REQUEST] Create customer payload: {customerNumber=785965, firstName=AutoTest, lastName=User, address=101 Test Street, city=Chennai, state=TN, mobileNum=1695070473, status=ACTIVE}
[API] POST /customers/add -> HTTP 500 | Body: {"timestamp":"2026-09-10T10:53:07.283+00:00","status":500,"error":"Internal Server Error","path":"/bank-api/customers/add"}
========== BLOCKED/SKIPPED: successfulTransferMovesExactAmountAndCreatesHistory ==========
BLOCKED: customer setup endpoint returned HTTP 500. Transfer scenario cannot be executed without synthetic customer/account setup. Response: {"timestamp":"2026-09-10T10:53:07.283+00:00","status":500,"error":"Internal Server Error","path":"/bank-api/customers/add"}
]]>
  </system-out>
</testsuite> <!-- com.assessment.banking.tests.SuccessfulTransferTest -->
